2026-03-08 00:22:49 [INFO] o.s.b.a.SpringApplicationAdminMXBeanRegistrar$SpringApplicationAdmin - Application shutdown requested.
2026-03-08 00:22:49 [INFO] o.s.b.w.e.tomcat.GracefulShutdown - Commencing graceful shutdown. Waiting for active requests to complete
2026-03-08 00:22:49 [INFO] o.s.b.w.e.tomcat.GracefulShutdown - Graceful shutdown complete
2026-03-08 00:22:49 [INFO] o.s.o.j.LocalContainerEntityManagerFactoryBean - Closing JPA EntityManagerFactory for persistence unit 'default'
2026-03-08 00:22:49 [INFO] com.zaxxer.hikari.HikariDataSource - HikariPool-1 - Shutdown initiated...
2026-03-08 00:22:49 [INFO] com.zaxxer.hikari.HikariDataSource - HikariPool-1 - Shutdown completed.
2026-03-08 15:08:13 [INFO] c.h.s.SpringAutomobileCsApplication - Starting SpringAutomobileCsApplication using Java 20.0.1 with PID 46916 (C:\Users\suwas\Documents\workspace-spring-tools-for-eclipse-5.0.1.RELEASE\Spring_Automobile_cs\target\classes started by suwas in C:\Users\suwas\Documents\workspace-spring-tools-for-eclipse-5.0.1.RELEASE\Spring_Automobile_cs)
2026-03-08 15:08:13 [DEBUG] c.h.s.SpringAutomobileCsApplication - Running with Spring Boot v3.5.11, Spring v6.2.16
2026-03-08 15:08:13 [INFO] c.h.s.SpringAutomobileCsApplication - No active profile set, falling back to 1 default profile: "default"
2026-03-08 15:08:14 [INFO] o.s.d.r.c.RepositoryConfigurationDelegate - Bootstrapping Spring Data JPA repositories in DEFAULT mode.
2026-03-08 15:08:14 [INFO] o.s.d.r.c.RepositoryConfigurationDelegate - Finished Spring Data repository scanning in 90 ms. Found 8 JPA repository interfaces.
2026-03-08 15:08:15 [INFO] o.s.b.w.e.tomcat.TomcatWebServer - Tomcat initialized with port 8080 (http)
2026-03-08 15:08:15 [INFO] o.a.catalina.core.StandardService - Starting service [Tomcat]
2026-03-08 15:08:15 [INFO] o.a.catalina.core.StandardEngine - Starting Servlet engine: [Apache Tomcat/10.1.52]
2026-03-08 15:08:15 [INFO] o.a.c.c.C.[Tomcat].[localhost].[/] - Initializing Spring embedded WebApplicationContext
2026-03-08 15:08:15 [INFO] o.s.b.w.s.c.ServletWebServerApplicationContext - Root WebApplicationContext: initialization completed in 1875 ms
2026-03-08 15:08:15 [DEBUG] c.h.s.s.JwtAuthenticationFilter - Filter 'jwtAuthenticationFilter' configured for use
2026-03-08 15:08:15 [INFO] o.h.jpa.internal.util.LogHelper - HHH000204: Processing PersistenceUnitInfo [name: default]
2026-03-08 15:08:15 [INFO] org.hibernate.Version - HHH000412: Hibernate ORM core version 6.6.42.Final
2026-03-08 15:08:16 [INFO] o.h.c.i.RegionFactoryInitiator - HHH000026: Second-level cache disabled
2026-03-08 15:08:16 [INFO] o.s.o.j.p.SpringPersistenceUnitInfo - No LoadTimeWeaver setup: ignoring JPA class transformer
2026-03-08 15:08:16 [INFO] com.zaxxer.hikari.HikariDataSource - HikariPool-1 - Starting...
2026-03-08 15:08:16 [INFO] com.zaxxer.hikari.pool.HikariPool - HikariPool-1 - Added connection com.mysql.cj.jdbc.ConnectionImpl@126af200
2026-03-08 15:08:16 [INFO] com.zaxxer.hikari.HikariDataSource - HikariPool-1 - Start completed.
2026-03-08 15:08:16 [WARN] org.hibernate.orm.deprecation - HHH90000025: MySQLDialect does not need to be specified explicitly using 'hibernate.dialect' (remove the property setting and it will be selected by default)
2026-03-08 15:08:16 [INFO] o.hibernate.orm.connections.pooling - HHH10001005: Database info:
	Database JDBC URL [Connecting through datasource 'HikariDataSource (HikariPool-1)']
	Database driver: undefined/unknown
	Database version: 8.0.33
	Autocommit mode: undefined/unknown
	Isolation level: undefined/unknown
	Minimum pool size: undefined/unknown
	Maximum pool size: undefined/unknown
2026-03-08 15:08:19 [INFO] o.h.e.t.j.p.i.JtaPlatformInitiator - HHH000489: No JTA platform available (set 'hibernate.transaction.jta.platform' to enable JTA platform integration)
2026-03-08 15:08:19 [INFO] o.s.o.j.LocalContainerEntityManagerFactoryBean - Initialized JPA EntityManagerFactory for persistence unit 'default'
2026-03-08 15:08:20 [INFO] o.s.d.j.r.query.QueryEnhancerFactory - Hibernate is in classpath; If applicable, HQL parser will be used.
2026-03-08 15:08:20 [WARN] o.s.b.a.o.j.JpaBaseConfiguration$JpaWebConfiguration - spring.jpa.open-in-view is enabled by default. Therefore, database queries may be performed during view rendering. Explicitly configure spring.jpa.open-in-view to disable this warning
2026-03-08 15:08:20 [WARN] o.s.b.a.s.s.UserDetailsServiceAutoConfiguration - 

Using generated security password: 0b69ba5a-52bf-45d7-b8fb-e5beaa2dabbe

This generated password is for development use only. Your security configuration must be updated before running your application in production.

2026-03-08 15:08:20 [INFO] o.s.s.c.a.a.c.InitializeUserDetailsBeanManagerConfigurer$InitializeUserDetailsManagerConfigurer - Global AuthenticationManager configured with UserDetailsService bean with name inMemoryUserDetailsManager
2026-03-08 15:08:21 [INFO] o.s.b.w.e.tomcat.TomcatWebServer - Tomcat started on port 8080 (http) with context path '/'
2026-03-08 15:08:21 [INFO] c.h.s.SpringAutomobileCsApplication - Started SpringAutomobileCsApplication in 8.776 seconds (process running for 9.55)
2026-03-08 15:09:00 [INFO] o.a.c.c.C.[Tomcat].[localhost].[/] - Initializing Spring DispatcherServlet 'dispatcherServlet'
2026-03-08 15:09:00 [INFO] o.s.web.servlet.DispatcherServlet - Initializing Servlet 'dispatcherServlet'
2026-03-08 15:09:00 [INFO] o.s.web.servlet.DispatcherServlet - Completed initialization in 2 ms
2026-03-08 15:09:03 [INFO] o.s.api.AbstractOpenApiResource - Init duration for springdoc-openapi is: 1830 ms
2026-03-08 15:12:15 [INFO] c.h.s.s.i.UserServiceImpl - User login attempt with email: priya.singh@gmail.com
2026-03-08 15:12:15 [INFO] c.h.s.s.i.UserServiceImpl - Login successful for user: priya.singh@gmail.com
